This is XeTeX, Version 3.14159265-2.6-0.99999 (TeX Live 2019/dev/Debian) (preloaded format=xelatex 2020.6.24)  16 JUL 2020 00:45
entering extended mode
 restricted \write18 enabled.
 %&-line parsing enabled.
**tex
(/usr/share/texlive/texmf-dist/tex/latex/tools/q.tex
LaTeX2e <2018-12-01>
File ignored
)
! Emergency stop.
<*> tex
       
*** (job aborted, no legal \end found)

 
Here is how much of TeX's memory you used:
 7 strings out of 494900
 169 string characters out of 6177140
 55940 words of memory out of 5000000
 4023 multiletter control sequences out of 15000+600000
 3640 words of font info for 14 fonts, out of 8000000 for 9000
 14 hyphenation exceptions out of 8191
 4i,0n,1p,83b,8s stack positions out of 5000i,500n,10000p,200000b,80000s
No pages of output.
